<?xml version="1.0" encoding="UTF-8"?>
<!-- Generated by org.testng.reporters.JUnitXMLReporter -->
<testsuite ignored="1" hostname="FBTCDEV3" failures="4" tests="4" name="Test(failed)(failed)" time="397.665" errors="0" timestamp="2023-02-17T08:04:57 UTC">
  <testcase classname="com.tc_awc.functionaltestcases.AWC_SubmitToWorkFlowForHigherReleaseStatus" name="submitToWorkFlowForHigherReleaseStatus_EVT1WIP" time="44.783">
    <failure type="org.openqa.selenium.ElementClickInterceptedException" message="element click intercepted: Element &amp;lt;a ng-click=&amp;quot;doit(action, prop)&amp;quot; tabindex=&amp;quot;&amp;quot; id=&amp;quot;&amp;quot; title=&amp;quot;...&amp;quot; class=&amp;quot;ng-binding&amp;quot;&amp;gt;Advanced Search&amp;lt;/a&amp;gt; is not clickable at point (1098, 74). Other element would receive the click: &amp;lt;div class=&amp;quot;aw-search-recentSearchBoxTitle aw-search-popupTitle ng-scope&amp;quot; ng-if=&amp;quot;data.suggestions==undefined&amp;quot;&amp;gt;...&amp;lt;/div&amp;gt;
  (Session info: chrome=110.0.5481.104)
Build info: version: &amp;apos;4.3.0&amp;apos;, revision: &amp;apos;a4995e2c09*&amp;apos;
System info: host: &amp;apos;FBTCDEV3&amp;apos;, ip: &amp;apos;10.0.1.34&amp;apos;, os.name: &amp;apos;Windows 10&amp;apos;, os.arch: &amp;apos;amd64&amp;apos;, os.version: &amp;apos;10.0&amp;apos;, java.version: &amp;apos;11.0.12&amp;apos;
Driver info: org.openqa.selenium.chrome.ChromeDriver
Command: [22ae7d693d507981b46947ba7224da4a, clickElement {id=0f0c2da0-7131-44a4-bfe2-ac630d6e92fb}]
Capabilities {acceptInsecureCerts: false, browserName: chrome, browserVersion: 110.0.5481.104, chrome: {chromedriverVersion: 110.0.5481.77 (65ed616c6e8e..., userDataDir: C:\Program Files (x86)\scop...}, goog:chromeOptions: {debuggerAddress: localhost:57250}, networkConnectionEnabled: false, pageLoadStrategy: normal, platformName: WINDOWS, proxy: Proxy(), se:cdp: ws://localhost:57250/devtoo..., se:cdpVersion: 110.0.5481.104, setWindowRect: true, strictFileInteractability: false, timeouts: {implicit: 0, pageLoad: 300000, script: 30000}, unhandledPromptBehavior: dismiss and notify, webauthn:extension:credBlob: true, webauthn:extension:largeBlob: true, webauthn:virtualAuthenticators: true}
Element: [[ChromeDriver: chrome on WINDOWS (22ae7d693d507981b46947ba7224da4a)] -&amp;gt; xpath: //a[contains(text(),&amp;apos;Advanced Search&amp;apos;)]]
Session ID: 22ae7d693d507981b46947ba7224da4a">
      <![CDATA[org.openqa.selenium.ElementClickInterceptedException: element click intercepted: Element <a ng-click="doit(action, prop)" tabindex="" id="" title="..." class="ng-binding">Advanced Search</a> is not clickable at point (1098, 74). Other element would receive the click: <div class="aw-search-recentSearchBoxTitle aw-search-popupTitle ng-scope" ng-if="data.suggestions==undefined">...</div>
  (Session info: chrome=110.0.5481.104)
Build info: version: '4.3.0', revision: 'a4995e2c09*'
System info: host: 'FBTCDEV3', ip: '10.0.1.34', os.name: 'Windows 10', os.arch: 'amd64', os.version: '10.0', java.version: '11.0.12'
Driver info: org.openqa.selenium.chrome.ChromeDriver
Command: [22ae7d693d507981b46947ba7224da4a, clickElement {id=0f0c2da0-7131-44a4-bfe2-ac630d6e92fb}]
Capabilities {acceptInsecureCerts: false, browserName: chrome, browserVersion: 110.0.5481.104, chrome: {chromedriverVersion: 110.0.5481.77 (65ed616c6e8e..., userDataDir: C:\Program Files (x86)\scop...}, goog:chromeOptions: {debuggerAddress: localhost:57250}, networkConnectionEnabled: false, pageLoadStrategy: normal, platformName: WINDOWS, proxy: Proxy(), se:cdp: ws://localhost:57250/devtoo..., se:cdpVersion: 110.0.5481.104, setWindowRect: true, strictFileInteractability: false, timeouts: {implicit: 0, pageLoad: 300000, script: 30000}, unhandledPromptBehavior: dismiss and notify, webauthn:extension:credBlob: true, webauthn:extension:largeBlob: true, webauthn:virtualAuthenticators: true}
Element: [[ChromeDriver: chrome on WINDOWS (22ae7d693d507981b46947ba7224da4a)] -> xpath: //a[contains(text(),'Advanced Search')]]
Session ID: 22ae7d693d507981b46947ba7224da4a
at org.openqa.selenium.remote.codec.w3c.W3CHttpResponseCodec.createException(W3CHttpResponseCodec.java:200)
at org.openqa.selenium.remote.codec.w3c.W3CHttpResponseCodec.decode(W3CHttpResponseCodec.java:133)
at org.openqa.selenium.remote.codec.w3c.W3CHttpResponseCodec.decode(W3CHttpResponseCodec.java:53)
at org.openqa.selenium.remote.HttpCommandExecutor.execute(HttpCommandExecutor.java:184)
at org.openqa.selenium.remote.service.DriverCommandExecutor.invokeExecute(DriverCommandExecutor.java:167)
at org.openqa.selenium.remote.service.DriverCommandExecutor.execute(DriverCommandExecutor.java:142)
at org.openqa.selenium.remote.RemoteWebDriver.execute(RemoteWebDriver.java:569)
at org.openqa.selenium.remote.RemoteWebElement.execute(RemoteWebElement.java:257)
at org.openqa.selenium.remote.RemoteWebElement.click(RemoteWebElement.java:78)
at com.tc_awc.pageobjects.home_Page.search_item(home_Page.java:90)
at com.tc_awc.functionaltestcases.AWC_SubmitToWorkFlowForHigherReleaseStatus.submitToWorkFlowForHigherReleaseStatus_EVT1WIP(AWC_SubmitToWorkFlowForHigherReleaseStatus.java:62)
at java.base/java.util.ArrayList.forEach(ArrayList.java:1541)
... Removed 31 stack frames]]>
    </failure>
  </testcase> <!-- submitToWorkFlowForHigherReleaseStatus_EVT1WIP -->
  <testcase classname="com.tc_awc.functionaltestcases.AWC_SubmitToWorkFlowForHigherReleaseStatus" name="submitToWorkFlowForHigherReleaseStatus_DVT1WIP" time="130.271">
    <failure type="java.lang.AssertionError" message="expected [true] but found [false]">
      <![CDATA[java.lang.AssertionError: expected [true] but found [false]
at com.tc_awc.listeners.ActionEngine.assertEqualsString_custom(ActionEngine.java:134)
at com.tc_awc.pageobjects.wokflow_Page.submitToWorkflowDVT1(wokflow_Page.java:270)
at com.tc_awc.functionaltestcases.AWC_SubmitToWorkFlowForHigherReleaseStatus.submitToWorkFlowForHigherReleaseStatus_DVT1WIP(AWC_SubmitToWorkFlowForHigherReleaseStatus.java:88)
at java.base/java.util.ArrayList.forEach(ArrayList.java:1541)
... Removed 31 stack frames]]>
    </failure>
  </testcase> <!-- submitToWorkFlowForHigherReleaseStatus_DVT1WIP -->
  <testcase classname="com.tc_awc.functionaltestcases.AWC_SubmitToWorkFlowForHigherReleaseStatus" name="submitToWorkFlowForHigherReleaseStatus_PVT1WIP" time="131.116">
    <failure type="java.lang.AssertionError" message="expected [true] but found [false]">
      <![CDATA[java.lang.AssertionError: expected [true] but found [false]
at com.tc_awc.listeners.ActionEngine.assertEqualsString_custom(ActionEngine.java:134)
at com.tc_awc.pageobjects.wokflow_Page.submitToWorkflowPVT1(wokflow_Page.java:310)
at com.tc_awc.functionaltestcases.AWC_SubmitToWorkFlowForHigherReleaseStatus.submitToWorkFlowForHigherReleaseStatus_PVT1WIP(AWC_SubmitToWorkFlowForHigherReleaseStatus.java:110)
at java.base/java.util.ArrayList.forEach(ArrayList.java:1541)
... Removed 31 stack frames]]>
    </failure>
  </testcase> <!-- submitToWorkFlowForHigherReleaseStatus_PVT1WIP -->
  <testcase classname="com.tc_awc.configuration.AWC_revisionRule" name="applyRevisionRulePVT1WIP" time="75.317">
    <failure type="org.openqa.selenium.NoSuchElementException" message="no such element: Unable to locate element: {&amp;quot;method&amp;quot;:&amp;quot;xpath&amp;quot;,&amp;quot;selector&amp;quot;:&amp;quot;//aw-widget[@class=&amp;apos;ng-isolate-scope&amp;apos;]//aw-property-non-edit-array-val[@class=&amp;apos;ng-isolate-scope&amp;apos;]//div[@class=&amp;apos;ng-scope&amp;apos;]&amp;quot;}
  (Session info: chrome=110.0.5481.104)
For documentation on this error, please visit: https://selenium.dev/exceptions/#no_such_element
Build info: version: &amp;apos;4.3.0&amp;apos;, revision: &amp;apos;a4995e2c09*&amp;apos;
System info: host: &amp;apos;FBTCDEV3&amp;apos;, ip: &amp;apos;10.0.1.34&amp;apos;, os.name: &amp;apos;Windows 10&amp;apos;, os.arch: &amp;apos;amd64&amp;apos;, os.version: &amp;apos;10.0&amp;apos;, java.version: &amp;apos;11.0.12&amp;apos;
Driver info: org.openqa.selenium.chrome.ChromeDriver
Command: [0cff8b51c9eb38226da4dde20d7730bc, findElement {using=xpath, value=//aw-widget[@class=&amp;apos;ng-isolate-scope&amp;apos;]//aw-property-non-edit-array-val[@class=&amp;apos;ng-isolate-scope&amp;apos;]//div[@class=&amp;apos;ng-scope&amp;apos;]}]
Capabilities {acceptInsecureCerts: false, browserName: chrome, browserVersion: 110.0.5481.104, chrome: {chromedriverVersion: 110.0.5481.77 (65ed616c6e8e..., userDataDir: C:\Program Files (x86)\scop...}, goog:chromeOptions: {debuggerAddress: localhost:58747}, networkConnectionEnabled: false, pageLoadStrategy: normal, platformName: WINDOWS, proxy: Proxy(), se:cdp: ws://localhost:58747/devtoo..., se:cdpVersion: 110.0.5481.104, setWindowRect: true, strictFileInteractability: false, timeouts: {implicit: 0, pageLoad: 300000, script: 30000}, unhandledPromptBehavior: dismiss and notify, webauthn:extension:credBlob: true, webauthn:extension:largeBlob: true, webauthn:virtualAuthenticators: true}
Session ID: 0cff8b51c9eb38226da4dde20d7730bc">
      <![CDATA[org.openqa.selenium.NoSuchElementException: no such element: Unable to locate element: {"method":"xpath","selector":"//aw-widget[@class='ng-isolate-scope']//aw-property-non-edit-array-val[@class='ng-isolate-scope']//div[@class='ng-scope']"}
  (Session info: chrome=110.0.5481.104)
For documentation on this error, please visit: https://selenium.dev/exceptions/#no_such_element
Build info: version: '4.3.0', revision: 'a4995e2c09*'
System info: host: 'FBTCDEV3', ip: '10.0.1.34', os.name: 'Windows 10', os.arch: 'amd64', os.version: '10.0', java.version: '11.0.12'
Driver info: org.openqa.selenium.chrome.ChromeDriver
Command: [0cff8b51c9eb38226da4dde20d7730bc, findElement {using=xpath, value=//aw-widget[@class='ng-isolate-scope']//aw-property-non-edit-array-val[@class='ng-isolate-scope']//div[@class='ng-scope']}]
Capabilities {acceptInsecureCerts: false, browserName: chrome, browserVersion: 110.0.5481.104, chrome: {chromedriverVersion: 110.0.5481.77 (65ed616c6e8e..., userDataDir: C:\Program Files (x86)\scop...}, goog:chromeOptions: {debuggerAddress: localhost:58747}, networkConnectionEnabled: false, pageLoadStrategy: normal, platformName: WINDOWS, proxy: Proxy(), se:cdp: ws://localhost:58747/devtoo..., se:cdpVersion: 110.0.5481.104, setWindowRect: true, strictFileInteractability: false, timeouts: {implicit: 0, pageLoad: 300000, script: 30000}, unhandledPromptBehavior: dismiss and notify, webauthn:extension:credBlob: true, webauthn:extension:largeBlob: true, webauthn:virtualAuthenticators: true}
Session ID: 0cff8b51c9eb38226da4dde20d7730bc
at org.openqa.selenium.remote.codec.w3c.W3CHttpResponseCodec.createException(W3CHttpResponseCodec.java:200)
at org.openqa.selenium.remote.codec.w3c.W3CHttpResponseCodec.decode(W3CHttpResponseCodec.java:133)
at org.openqa.selenium.remote.codec.w3c.W3CHttpResponseCodec.decode(W3CHttpResponseCodec.java:53)
at org.openqa.selenium.remote.HttpCommandExecutor.execute(HttpCommandExecutor.java:184)
at org.openqa.selenium.remote.service.DriverCommandExecutor.invokeExecute(DriverCommandExecutor.java:167)
at org.openqa.selenium.remote.service.DriverCommandExecutor.execute(DriverCommandExecutor.java:142)
at org.openqa.selenium.remote.RemoteWebDriver.execute(RemoteWebDriver.java:569)
at org.openqa.selenium.remote.ElementLocation$ElementFinder$2.findElement(ElementLocation.java:162)
at org.openqa.selenium.remote.ElementLocation.findElement(ElementLocation.java:60)
at org.openqa.selenium.remote.RemoteWebDriver.findElement(RemoteWebDriver.java:387)
at org.openqa.selenium.remote.RemoteWebDriver.findElement(RemoteWebDriver.java:379)
at com.tc_awc.pageobjects.content_Page.getItemRel(content_Page.java:208)
at com.tc_awc.configuration.AWC_revisionRule.applyRevisionRulePVT1WIP(AWC_revisionRule.java:197)
at java.base/java.util.ArrayList.forEach(ArrayList.java:1541)
... Removed 31 stack frames]]>
    </failure>
  </testcase> <!-- applyRevisionRulePVT1WIP -->
  <testcase classname="com.tc_awc.functionaltestcases.AWC_SubmitToWorkFlowForHigherReleaseStatus" name="submitToWorkFlowForHigherReleaseStatus_P0WIP" time="0.0">
    <ignored/>
  </testcase> <!-- submitToWorkFlowForHigherReleaseStatus_P0WIP -->
</testsuite> <!-- Test(failed)(failed) -->
