<?xml version="1.0" encoding="UTF-8"?>
<!-- Generated by org.testng.reporters.JUnitXMLReporter -->
<testsuite ignored="33" hostname="FBTCDEV3" failures="4" tests="18" name="Test(failed)" time="814.215" errors="0" timestamp="2023-03-20T13:38:51 UTC">
  <testcase classname="com.tc_awc.utilities.TestBase" name="@BeforeMethod LaunchApplication" time="3.338">
    <failure type="org.openqa.selenium.WebDriverException" message="unknown error: cannot determine loading status
from no such window
  (Session info: chrome=111.0.5563.65)
Build info: version: &amp;apos;4.3.0&amp;apos;, revision: &amp;apos;a4995e2c09*&amp;apos;
System info: host: &amp;apos;FBTCDEV3&amp;apos;, ip: &amp;apos;10.0.1.34&amp;apos;, os.name: &amp;apos;Windows 10&amp;apos;, os.arch: &amp;apos;amd64&amp;apos;, os.version: &amp;apos;10.0&amp;apos;, java.version: &amp;apos;11.0.12&amp;apos;
Driver info: org.openqa.selenium.chrome.ChromeDriver
Command: [dfbe275591ba15b95b68e74ba68bddbc, maximizeCurrentWindow {}]
Capabilities {acceptInsecureCerts: false, browserName: chrome, browserVersion: 111.0.5563.65, chrome: {chromedriverVersion: 111.0.5563.64 (c710e93d5b63..., userDataDir: C:\Program Files (x86)\scop...}, goog:chromeOptions: {debuggerAddress: localhost:59731}, networkConnectionEnabled: false, pageLoadStrategy: normal, platformName: WINDOWS, proxy: Proxy(), se:cdp: ws://localhost:59731/devtoo..., se:cdpVersion: 111.0.5563.65, setWindowRect: true, strictFileInteractability: false, timeouts: {implicit: 0, pageLoad: 300000, script: 30000}, unhandledPromptBehavior: dismiss and notify, webauthn:extension:credBlob: true, webauthn:extension:largeBlob: true, webauthn:extension:minPinLength: true, webauthn:extension:prf: true, webauthn:virtualAuthenticators: true}
Session ID: dfbe275591ba15b95b68e74ba68bddbc">
      <![CDATA[org.openqa.selenium.WebDriverException: unknown error: cannot determine loading status
from no such window
  (Session info: chrome=111.0.5563.65)
Build info: version: '4.3.0', revision: 'a4995e2c09*'
System info: host: 'FBTCDEV3', ip: '10.0.1.34', os.name: 'Windows 10', os.arch: 'amd64', os.version: '10.0', java.version: '11.0.12'
Driver info: org.openqa.selenium.chrome.ChromeDriver
Command: [dfbe275591ba15b95b68e74ba68bddbc, maximizeCurrentWindow {}]
Capabilities {acceptInsecureCerts: false, browserName: chrome, browserVersion: 111.0.5563.65, chrome: {chromedriverVersion: 111.0.5563.64 (c710e93d5b63..., userDataDir: C:\Program Files (x86)\scop...}, goog:chromeOptions: {debuggerAddress: localhost:59731}, networkConnectionEnabled: false, pageLoadStrategy: normal, platformName: WINDOWS, proxy: Proxy(), se:cdp: ws://localhost:59731/devtoo..., se:cdpVersion: 111.0.5563.65, setWindowRect: true, strictFileInteractability: false, timeouts: {implicit: 0, pageLoad: 300000, script: 30000}, unhandledPromptBehavior: dismiss and notify, webauthn:extension:credBlob: true, webauthn:extension:largeBlob: true, webauthn:extension:minPinLength: true, webauthn:extension:prf: true, webauthn:virtualAuthenticators: true}
Session ID: dfbe275591ba15b95b68e74ba68bddbc
at org.openqa.selenium.remote.codec.w3c.W3CHttpResponseCodec.createException(W3CHttpResponseCodec.java:200)
at org.openqa.selenium.remote.codec.w3c.W3CHttpResponseCodec.decode(W3CHttpResponseCodec.java:133)
at org.openqa.selenium.remote.codec.w3c.W3CHttpResponseCodec.decode(W3CHttpResponseCodec.java:53)
at org.openqa.selenium.remote.HttpCommandExecutor.execute(HttpCommandExecutor.java:184)
at org.openqa.selenium.remote.service.DriverCommandExecutor.invokeExecute(DriverCommandExecutor.java:167)
at org.openqa.selenium.remote.service.DriverCommandExecutor.execute(DriverCommandExecutor.java:142)
at org.openqa.selenium.remote.RemoteWebDriver.execute(RemoteWebDriver.java:569)
at org.openqa.selenium.remote.RemoteWebDriver.execute(RemoteWebDriver.java:624)
at org.openqa.selenium.remote.RemoteWebDriver.execute(RemoteWebDriver.java:628)
at org.openqa.selenium.remote.RemoteWebDriver$RemoteWebDriverOptions$RemoteWindow.maximize(RemoteWebDriver.java:1027)
at com.tc_awc.utilities.TestBase.LaunchApplication(TestBase.java:24)
at java.base/java.util.ArrayList.forEach(ArrayList.java:1541)
... Removed 35 stack frames]]>
    </failure>
  </testcase> <!-- @BeforeMethod LaunchApplication -->
  <testcase classname="com.tc_awc.utilities.TestBase" name="@AfterMethod tearDown" time="0.0">
    <skipped/>
  </testcase> <!-- @AfterMethod tearDown -->
  <testcase classname="com.tc_awc.utilities.TestBase" name="@BeforeMethod LaunchApplication" time="0.0">
    <skipped/>
  </testcase> <!-- @BeforeMethod LaunchApplication -->
  <testcase classname="com.tc_awc.utilities.TestBase" name="@AfterMethod tearDown" time="0.0">
    <skipped/>
  </testcase> <!-- @AfterMethod tearDown -->
  <testcase classname="com.tc_awc.utilities.TestBase" name="@BeforeMethod LaunchApplication" time="3.38">
    <failure type="org.openqa.selenium.WebDriverException" message="unknown error: cannot determine loading status
from no such window
  (Session info: chrome=111.0.5563.65)
Build info: version: &amp;apos;4.3.0&amp;apos;, revision: &amp;apos;a4995e2c09*&amp;apos;
System info: host: &amp;apos;FBTCDEV3&amp;apos;, ip: &amp;apos;10.0.1.34&amp;apos;, os.name: &amp;apos;Windows 10&amp;apos;, os.arch: &amp;apos;amd64&amp;apos;, os.version: &amp;apos;10.0&amp;apos;, java.version: &amp;apos;11.0.12&amp;apos;
Driver info: org.openqa.selenium.chrome.ChromeDriver
Command: [dc30d8035b416860b78d5115215b6297, maximizeCurrentWindow {}]
Capabilities {acceptInsecureCerts: false, browserName: chrome, browserVersion: 111.0.5563.65, chrome: {chromedriverVersion: 111.0.5563.64 (c710e93d5b63..., userDataDir: C:\Program Files (x86)\scop...}, goog:chromeOptions: {debuggerAddress: localhost:60048}, networkConnectionEnabled: false, pageLoadStrategy: normal, platformName: WINDOWS, proxy: Proxy(), se:cdp: ws://localhost:60048/devtoo..., se:cdpVersion: 111.0.5563.65, setWindowRect: true, strictFileInteractability: false, timeouts: {implicit: 0, pageLoad: 300000, script: 30000}, unhandledPromptBehavior: dismiss and notify, webauthn:extension:credBlob: true, webauthn:extension:largeBlob: true, webauthn:extension:minPinLength: true, webauthn:extension:prf: true, webauthn:virtualAuthenticators: true}
Session ID: dc30d8035b416860b78d5115215b6297">
      <![CDATA[org.openqa.selenium.WebDriverException: unknown error: cannot determine loading status
from no such window
  (Session info: chrome=111.0.5563.65)
Build info: version: '4.3.0', revision: 'a4995e2c09*'
System info: host: 'FBTCDEV3', ip: '10.0.1.34', os.name: 'Windows 10', os.arch: 'amd64', os.version: '10.0', java.version: '11.0.12'
Driver info: org.openqa.selenium.chrome.ChromeDriver
Command: [dc30d8035b416860b78d5115215b6297, maximizeCurrentWindow {}]
Capabilities {acceptInsecureCerts: false, browserName: chrome, browserVersion: 111.0.5563.65, chrome: {chromedriverVersion: 111.0.5563.64 (c710e93d5b63..., userDataDir: C:\Program Files (x86)\scop...}, goog:chromeOptions: {debuggerAddress: localhost:60048}, networkConnectionEnabled: false, pageLoadStrategy: normal, platformName: WINDOWS, proxy: Proxy(), se:cdp: ws://localhost:60048/devtoo..., se:cdpVersion: 111.0.5563.65, setWindowRect: true, strictFileInteractability: false, timeouts: {implicit: 0, pageLoad: 300000, script: 30000}, unhandledPromptBehavior: dismiss and notify, webauthn:extension:credBlob: true, webauthn:extension:largeBlob: true, webauthn:extension:minPinLength: true, webauthn:extension:prf: true, webauthn:virtualAuthenticators: true}
Session ID: dc30d8035b416860b78d5115215b6297
at org.openqa.selenium.remote.codec.w3c.W3CHttpResponseCodec.createException(W3CHttpResponseCodec.java:200)
at org.openqa.selenium.remote.codec.w3c.W3CHttpResponseCodec.decode(W3CHttpResponseCodec.java:133)
at org.openqa.selenium.remote.codec.w3c.W3CHttpResponseCodec.decode(W3CHttpResponseCodec.java:53)
at org.openqa.selenium.remote.HttpCommandExecutor.execute(HttpCommandExecutor.java:184)
at org.openqa.selenium.remote.service.DriverCommandExecutor.invokeExecute(DriverCommandExecutor.java:167)
at org.openqa.selenium.remote.service.DriverCommandExecutor.execute(DriverCommandExecutor.java:142)
at org.openqa.selenium.remote.RemoteWebDriver.execute(RemoteWebDriver.java:569)
at org.openqa.selenium.remote.RemoteWebDriver.execute(RemoteWebDriver.java:624)
at org.openqa.selenium.remote.RemoteWebDriver.execute(RemoteWebDriver.java:628)
at org.openqa.selenium.remote.RemoteWebDriver$RemoteWebDriverOptions$RemoteWindow.maximize(RemoteWebDriver.java:1027)
at com.tc_awc.utilities.TestBase.LaunchApplication(TestBase.java:24)
at java.base/java.util.ArrayList.forEach(ArrayList.java:1541)
... Removed 35 stack frames]]>
    </failure>
  </testcase> <!-- @BeforeMethod LaunchApplication -->
  <testcase classname="com.tc_awc.utilities.TestBase" name="@AfterMethod tearDown" time="0.0">
    <skipped/>
  </testcase> <!-- @AfterMethod tearDown -->
  <testcase classname="com.tc_awc.utilities.TestBase" name="@BeforeMethod LaunchApplication" time="3.293">
    <failure type="org.openqa.selenium.WebDriverException" message="unknown error: cannot determine loading status
from no such window
  (Session info: chrome=111.0.5563.65)
Build info: version: &amp;apos;4.3.0&amp;apos;, revision: &amp;apos;a4995e2c09*&amp;apos;
System info: host: &amp;apos;FBTCDEV3&amp;apos;, ip: &amp;apos;10.0.1.34&amp;apos;, os.name: &amp;apos;Windows 10&amp;apos;, os.arch: &amp;apos;amd64&amp;apos;, os.version: &amp;apos;10.0&amp;apos;, java.version: &amp;apos;11.0.12&amp;apos;
Driver info: org.openqa.selenium.chrome.ChromeDriver
Command: [9503a8b28c191338d6edd5f04c694ef6, maximizeCurrentWindow {}]
Capabilities {acceptInsecureCerts: false, browserName: chrome, browserVersion: 111.0.5563.65, chrome: {chromedriverVersion: 111.0.5563.64 (c710e93d5b63..., userDataDir: C:\Program Files (x86)\scop...}, goog:chromeOptions: {debuggerAddress: localhost:61826}, networkConnectionEnabled: false, pageLoadStrategy: normal, platformName: WINDOWS, proxy: Proxy(), se:cdp: ws://localhost:61826/devtoo..., se:cdpVersion: 111.0.5563.65, setWindowRect: true, strictFileInteractability: false, timeouts: {implicit: 0, pageLoad: 300000, script: 30000}, unhandledPromptBehavior: dismiss and notify, webauthn:extension:credBlob: true, webauthn:extension:largeBlob: true, webauthn:extension:minPinLength: true, webauthn:extension:prf: true, webauthn:virtualAuthenticators: true}
Session ID: 9503a8b28c191338d6edd5f04c694ef6">
      <![CDATA[org.openqa.selenium.WebDriverException: unknown error: cannot determine loading status
from no such window
  (Session info: chrome=111.0.5563.65)
Build info: version: '4.3.0', revision: 'a4995e2c09*'
System info: host: 'FBTCDEV3', ip: '10.0.1.34', os.name: 'Windows 10', os.arch: 'amd64', os.version: '10.0', java.version: '11.0.12'
Driver info: org.openqa.selenium.chrome.ChromeDriver
Command: [9503a8b28c191338d6edd5f04c694ef6, maximizeCurrentWindow {}]
Capabilities {acceptInsecureCerts: false, browserName: chrome, browserVersion: 111.0.5563.65, chrome: {chromedriverVersion: 111.0.5563.64 (c710e93d5b63..., userDataDir: C:\Program Files (x86)\scop...}, goog:chromeOptions: {debuggerAddress: localhost:61826}, networkConnectionEnabled: false, pageLoadStrategy: normal, platformName: WINDOWS, proxy: Proxy(), se:cdp: ws://localhost:61826/devtoo..., se:cdpVersion: 111.0.5563.65, setWindowRect: true, strictFileInteractability: false, timeouts: {implicit: 0, pageLoad: 300000, script: 30000}, unhandledPromptBehavior: dismiss and notify, webauthn:extension:credBlob: true, webauthn:extension:largeBlob: true, webauthn:extension:minPinLength: true, webauthn:extension:prf: true, webauthn:virtualAuthenticators: true}
Session ID: 9503a8b28c191338d6edd5f04c694ef6
at org.openqa.selenium.remote.codec.w3c.W3CHttpResponseCodec.createException(W3CHttpResponseCodec.java:200)
at org.openqa.selenium.remote.codec.w3c.W3CHttpResponseCodec.decode(W3CHttpResponseCodec.java:133)
at org.openqa.selenium.remote.codec.w3c.W3CHttpResponseCodec.decode(W3CHttpResponseCodec.java:53)
at org.openqa.selenium.remote.HttpCommandExecutor.execute(HttpCommandExecutor.java:184)
at org.openqa.selenium.remote.service.DriverCommandExecutor.invokeExecute(DriverCommandExecutor.java:167)
at org.openqa.selenium.remote.service.DriverCommandExecutor.execute(DriverCommandExecutor.java:142)
at org.openqa.selenium.remote.RemoteWebDriver.execute(RemoteWebDriver.java:569)
at org.openqa.selenium.remote.RemoteWebDriver.execute(RemoteWebDriver.java:624)
at org.openqa.selenium.remote.RemoteWebDriver.execute(RemoteWebDriver.java:628)
at org.openqa.selenium.remote.RemoteWebDriver$RemoteWebDriverOptions$RemoteWindow.maximize(RemoteWebDriver.java:1027)
at com.tc_awc.utilities.TestBase.LaunchApplication(TestBase.java:24)
at java.base/java.util.ArrayList.forEach(ArrayList.java:1541)
... Removed 35 stack frames]]>
    </failure>
  </testcase> <!-- @BeforeMethod LaunchApplication -->
  <testcase classname="com.tc_awc.utilities.TestBase" name="@AfterMethod tearDown" time="0.0">
    <skipped/>
  </testcase> <!-- @AfterMethod tearDown -->
  <testcase classname="com.tc_awc.utilities.TestBase" name="@BeforeMethod LaunchApplication" time="0.0">
    <skipped/>
  </testcase> <!-- @BeforeMethod LaunchApplication -->
  <testcase classname="com.tc_awc.utilities.TestBase" name="@AfterMethod tearDown" time="0.0">
    <skipped/>
  </testcase> <!-- @AfterMethod tearDown -->
  <testcase classname="com.tc_awc.utilities.TestBase" name="@BeforeMethod LaunchApplication" time="0.0">
    <skipped/>
  </testcase> <!-- @BeforeMethod LaunchApplication -->
  <testcase classname="com.tc_awc.utilities.TestBase" name="@AfterMethod tearDown" time="0.0">
    <skipped/>
  </testcase> <!-- @AfterMethod tearDown -->
  <testcase classname="com.tc_awc.utilities.TestBase" name="@BeforeMethod LaunchApplication" time="0.0">
    <skipped/>
  </testcase> <!-- @BeforeMethod LaunchApplication -->
  <testcase classname="com.tc_awc.utilities.TestBase" name="@AfterMethod tearDown" time="0.0">
    <skipped/>
  </testcase> <!-- @AfterMethod tearDown -->
  <testcase classname="com.tc_awc.utilities.TestBase" name="@BeforeMethod LaunchApplication" time="0.0">
    <skipped/>
  </testcase> <!-- @BeforeMethod LaunchApplication -->
  <testcase classname="com.tc_awc.utilities.TestBase" name="@AfterMethod tearDown" time="0.0">
    <skipped/>
  </testcase> <!-- @AfterMethod tearDown -->
  <testcase classname="com.tc_awc.utilities.TestBase" name="@BeforeMethod LaunchApplication" time="3.342">
    <failure type="org.openqa.selenium.WebDriverException" message="unknown error: cannot determine loading status
from no such window
  (Session info: chrome=111.0.5563.65)
Build info: version: &amp;apos;4.3.0&amp;apos;, revision: &amp;apos;a4995e2c09*&amp;apos;
System info: host: &amp;apos;FBTCDEV3&amp;apos;, ip: &amp;apos;10.0.1.34&amp;apos;, os.name: &amp;apos;Windows 10&amp;apos;, os.arch: &amp;apos;amd64&amp;apos;, os.version: &amp;apos;10.0&amp;apos;, java.version: &amp;apos;11.0.12&amp;apos;
Driver info: org.openqa.selenium.chrome.ChromeDriver
Command: [bbc13407317bf6a091325d14aa9229e2, maximizeCurrentWindow {}]
Capabilities {acceptInsecureCerts: false, browserName: chrome, browserVersion: 111.0.5563.65, chrome: {chromedriverVersion: 111.0.5563.64 (c710e93d5b63..., userDataDir: C:\Program Files (x86)\scop...}, goog:chromeOptions: {debuggerAddress: localhost:62212}, networkConnectionEnabled: false, pageLoadStrategy: normal, platformName: WINDOWS, proxy: Proxy(), se:cdp: ws://localhost:62212/devtoo..., se:cdpVersion: 111.0.5563.65, setWindowRect: true, strictFileInteractability: false, timeouts: {implicit: 0, pageLoad: 300000, script: 30000}, unhandledPromptBehavior: dismiss and notify, webauthn:extension:credBlob: true, webauthn:extension:largeBlob: true, webauthn:extension:minPinLength: true, webauthn:extension:prf: true, webauthn:virtualAuthenticators: true}
Session ID: bbc13407317bf6a091325d14aa9229e2">
      <![CDATA[org.openqa.selenium.WebDriverException: unknown error: cannot determine loading status
from no such window
  (Session info: chrome=111.0.5563.65)
Build info: version: '4.3.0', revision: 'a4995e2c09*'
System info: host: 'FBTCDEV3', ip: '10.0.1.34', os.name: 'Windows 10', os.arch: 'amd64', os.version: '10.0', java.version: '11.0.12'
Driver info: org.openqa.selenium.chrome.ChromeDriver
Command: [bbc13407317bf6a091325d14aa9229e2, maximizeCurrentWindow {}]
Capabilities {acceptInsecureCerts: false, browserName: chrome, browserVersion: 111.0.5563.65, chrome: {chromedriverVersion: 111.0.5563.64 (c710e93d5b63..., userDataDir: C:\Program Files (x86)\scop...}, goog:chromeOptions: {debuggerAddress: localhost:62212}, networkConnectionEnabled: false, pageLoadStrategy: normal, platformName: WINDOWS, proxy: Proxy(), se:cdp: ws://localhost:62212/devtoo..., se:cdpVersion: 111.0.5563.65, setWindowRect: true, strictFileInteractability: false, timeouts: {implicit: 0, pageLoad: 300000, script: 30000}, unhandledPromptBehavior: dismiss and notify, webauthn:extension:credBlob: true, webauthn:extension:largeBlob: true, webauthn:extension:minPinLength: true, webauthn:extension:prf: true, webauthn:virtualAuthenticators: true}
Session ID: bbc13407317bf6a091325d14aa9229e2
at org.openqa.selenium.remote.codec.w3c.W3CHttpResponseCodec.createException(W3CHttpResponseCodec.java:200)
at org.openqa.selenium.remote.codec.w3c.W3CHttpResponseCodec.decode(W3CHttpResponseCodec.java:133)
at org.openqa.selenium.remote.codec.w3c.W3CHttpResponseCodec.decode(W3CHttpResponseCodec.java:53)
at org.openqa.selenium.remote.HttpCommandExecutor.execute(HttpCommandExecutor.java:184)
at org.openqa.selenium.remote.service.DriverCommandExecutor.invokeExecute(DriverCommandExecutor.java:167)
at org.openqa.selenium.remote.service.DriverCommandExecutor.execute(DriverCommandExecutor.java:142)
at org.openqa.selenium.remote.RemoteWebDriver.execute(RemoteWebDriver.java:569)
at org.openqa.selenium.remote.RemoteWebDriver.execute(RemoteWebDriver.java:624)
at org.openqa.selenium.remote.RemoteWebDriver.execute(RemoteWebDriver.java:628)
at org.openqa.selenium.remote.RemoteWebDriver$RemoteWebDriverOptions$RemoteWindow.maximize(RemoteWebDriver.java:1027)
at com.tc_awc.utilities.TestBase.LaunchApplication(TestBase.java:24)
at java.base/java.util.ArrayList.forEach(ArrayList.java:1541)
... Removed 35 stack frames]]>
    </failure>
  </testcase> <!-- @BeforeMethod LaunchApplication -->
  <testcase classname="com.tc_awc.utilities.TestBase" name="@AfterMethod tearDown" time="0.0">
    <skipped/>
  </testcase> <!-- @AfterMethod tearDown -->
  <testcase classname="com.tc_awc.functionaltestcases.AWC_SubmitToWorkFlowMP" name="submitToWorkflowMPRelease_PVT2WIP" time="68.457"/>
  <testcase classname="com.tc_awc.functionaltestcases.AWC_CreateItem" name="createItemStatus_DVT1WIP" time="58.706"/>
  <testcase classname="com.tc_awc.functionaltestcases.AWC_CreateItem" name="createItemStatus_DVT2WIP" time="58.936"/>
  <testcase classname="com.tc_awc.functionaltestcases.AWC_CreateItem" name="createItemStatus_DVT3WIP" time="58.715"/>
  <testcase classname="com.tc_awc.functionaltestcases.AWC_CreateItem" name="createItemStatus_PVT1WIP" time="0.001">
    <skipped/>
  </testcase> <!-- createItemStatus_PVT1WIP -->
  <testcase classname="com.tc_awc.functionaltestcases.AWC_CreateItem" name="createItemStatus_PVT2WIP" time="0.0">
    <skipped/>
  </testcase> <!-- createItemStatus_PVT2WIP -->
  <testcase classname="com.tc_awc.configuration.AWC_revisionRule" name="applyRevRule_P0WIP" time="61.518">
    <failure type="org.openqa.selenium.NoSuchElementException" message="no such element: Unable to locate element: {&amp;quot;method&amp;quot;:&amp;quot;xpath&amp;quot;,&amp;quot;selector&amp;quot;:&amp;quot;//aw-widget[@class=&amp;apos;ng-isolate-scope&amp;apos;]//aw-property-non-edit-array-val[@class=&amp;apos;ng-isolate-scope&amp;apos;]//div[@class=&amp;apos;ng-scope&amp;apos;]&amp;quot;}
  (Session info: chrome=111.0.5563.65)
For documentation on this error, please visit: https://selenium.dev/exceptions/#no_such_element
Build info: version: &amp;apos;4.3.0&amp;apos;, revision: &amp;apos;a4995e2c09*&amp;apos;
System info: host: &amp;apos;FBTCDEV3&amp;apos;, ip: &amp;apos;10.0.1.34&amp;apos;, os.name: &amp;apos;Windows 10&amp;apos;, os.arch: &amp;apos;amd64&amp;apos;, os.version: &amp;apos;10.0&amp;apos;, java.version: &amp;apos;11.0.12&amp;apos;
Driver info: org.openqa.selenium.chrome.ChromeDriver
Command: [dc3bfd8a297dbea5539887f2192d62ad, findElement {using=xpath, value=//aw-widget[@class=&amp;apos;ng-isolate-scope&amp;apos;]//aw-property-non-edit-array-val[@class=&amp;apos;ng-isolate-scope&amp;apos;]//div[@class=&amp;apos;ng-scope&amp;apos;]}]
Capabilities {acceptInsecureCerts: false, browserName: chrome, browserVersion: 111.0.5563.65, chrome: {chromedriverVersion: 111.0.5563.64 (c710e93d5b63..., userDataDir: C:\Program Files (x86)\scop...}, goog:chromeOptions: {debuggerAddress: localhost:59745}, networkConnectionEnabled: false, pageLoadStrategy: normal, platformName: WINDOWS, proxy: Proxy(), se:cdp: ws://localhost:59745/devtoo..., se:cdpVersion: 111.0.5563.65, setWindowRect: true, strictFileInteractability: false, timeouts: {implicit: 0, pageLoad: 300000, script: 30000}, unhandledPromptBehavior: dismiss and notify, webauthn:extension:credBlob: true, webauthn:extension:largeBlob: true, webauthn:extension:minPinLength: true, webauthn:extension:prf: true, webauthn:virtualAuthenticators: true}
Session ID: dc3bfd8a297dbea5539887f2192d62ad">
      <![CDATA[org.openqa.selenium.NoSuchElementException: no such element: Unable to locate element: {"method":"xpath","selector":"//aw-widget[@class='ng-isolate-scope']//aw-property-non-edit-array-val[@class='ng-isolate-scope']//div[@class='ng-scope']"}
  (Session info: chrome=111.0.5563.65)
For documentation on this error, please visit: https://selenium.dev/exceptions/#no_such_element
Build info: version: '4.3.0', revision: 'a4995e2c09*'
System info: host: 'FBTCDEV3', ip: '10.0.1.34', os.name: 'Windows 10', os.arch: 'amd64', os.version: '10.0', java.version: '11.0.12'
Driver info: org.openqa.selenium.chrome.ChromeDriver
Command: [dc3bfd8a297dbea5539887f2192d62ad, findElement {using=xpath, value=//aw-widget[@class='ng-isolate-scope']//aw-property-non-edit-array-val[@class='ng-isolate-scope']//div[@class='ng-scope']}]
Capabilities {acceptInsecureCerts: false, browserName: chrome, browserVersion: 111.0.5563.65, chrome: {chromedriverVersion: 111.0.5563.64 (c710e93d5b63..., userDataDir: C:\Program Files (x86)\scop...}, goog:chromeOptions: {debuggerAddress: localhost:59745}, networkConnectionEnabled: false, pageLoadStrategy: normal, platformName: WINDOWS, proxy: Proxy(), se:cdp: ws://localhost:59745/devtoo..., se:cdpVersion: 111.0.5563.65, setWindowRect: true, strictFileInteractability: false, timeouts: {implicit: 0, pageLoad: 300000, script: 30000}, unhandledPromptBehavior: dismiss and notify, webauthn:extension:credBlob: true, webauthn:extension:largeBlob: true, webauthn:extension:minPinLength: true, webauthn:extension:prf: true, webauthn:virtualAuthenticators: true}
Session ID: dc3bfd8a297dbea5539887f2192d62ad
at org.openqa.selenium.remote.codec.w3c.W3CHttpResponseCodec.createException(W3CHttpResponseCodec.java:200)
at org.openqa.selenium.remote.codec.w3c.W3CHttpResponseCodec.decode(W3CHttpResponseCodec.java:133)
at org.openqa.selenium.remote.codec.w3c.W3CHttpResponseCodec.decode(W3CHttpResponseCodec.java:53)
at org.openqa.selenium.remote.HttpCommandExecutor.execute(HttpCommandExecutor.java:184)
at org.openqa.selenium.remote.service.DriverCommandExecutor.invokeExecute(DriverCommandExecutor.java:167)
at org.openqa.selenium.remote.service.DriverCommandExecutor.execute(DriverCommandExecutor.java:142)
at org.openqa.selenium.remote.RemoteWebDriver.execute(RemoteWebDriver.java:569)
at org.openqa.selenium.remote.ElementLocation$ElementFinder$2.findElement(ElementLocation.java:162)
at org.openqa.selenium.remote.ElementLocation.findElement(ElementLocation.java:60)
at org.openqa.selenium.remote.RemoteWebDriver.findElement(RemoteWebDriver.java:387)
at org.openqa.selenium.remote.RemoteWebDriver.findElement(RemoteWebDriver.java:379)
at com.tc_awc.pageobjects.content_Page.getItemRel(content_Page.java:209)
at com.tc_awc.configuration.AWC_revisionRule.applyRevRule_P0WIP(AWC_revisionRule.java:42)
at java.base/java.util.ArrayList.forEach(ArrayList.java:1541)
... Removed 31 stack frames]]>
    </failure>
  </testcase> <!-- applyRevRule_P0WIP -->
  <testcase classname="com.tc_awc.configuration.AWC_revisionRule" name="applyRevisionRule_PVT2RELEASED" time="0.004">
    <skipped/>
  </testcase> <!-- applyRevisionRule_PVT2RELEASED -->
  <testcase classname="com.tc_awc.functionaltestcases.AWC_SubmitToWorkFlowForHigherReleaseStatus" name="submitToWorkFlowForHigherReleaseStatus_EVT1WIP" time="130.843">
    <failure type="java.lang.AssertionError" message="expected [true] but found [false]">
      <![CDATA[java.lang.AssertionError: expected [true] but found [false]
at com.tc_awc.listeners.ActionEngine.assertEqualsString_custom(ActionEngine.java:134)
at com.tc_awc.pageobjects.wokflow_Page.submitToWorkflowEVT1(wokflow_Page.java:230)
at com.tc_awc.functionaltestcases.AWC_SubmitToWorkFlowForHigherReleaseStatus.submitToWorkFlowForHigherReleaseStatus_EVT1WIP(AWC_SubmitToWorkFlowForHigherReleaseStatus.java:66)
at java.base/java.util.ArrayList.forEach(ArrayList.java:1541)
... Removed 31 stack frames]]>
    </failure>
  </testcase> <!-- submitToWorkFlowForHigherReleaseStatus_EVT1WIP -->
  <testcase classname="com.tc_awc.functionaltestcases.AWC_SubmitToWorkFlowForHigherReleaseStatus" name="submitToWorkFlowForHigherReleaseStatus_DVT1WIP" time="106.913">
    <failure type="org.openqa.selenium.ElementClickInterceptedException" message="element click intercepted: Element &amp;lt;a ng-click=&amp;quot;doit(action, prop)&amp;quot; tabindex=&amp;quot;&amp;quot; id=&amp;quot;&amp;quot; title=&amp;quot;...&amp;quot; class=&amp;quot;ng-binding&amp;quot;&amp;gt;Advanced Search&amp;lt;/a&amp;gt; is not clickable at point (1098, 74). Other element would receive the click: &amp;lt;div class=&amp;quot;aw-search-recentSearchBoxTitle aw-search-popupTitle ng-scope&amp;quot; ng-if=&amp;quot;data.suggestions==undefined&amp;quot;&amp;gt;...&amp;lt;/div&amp;gt;
  (Session info: chrome=111.0.5563.65)
Build info: version: &amp;apos;4.3.0&amp;apos;, revision: &amp;apos;a4995e2c09*&amp;apos;
System info: host: &amp;apos;FBTCDEV3&amp;apos;, ip: &amp;apos;10.0.1.34&amp;apos;, os.name: &amp;apos;Windows 10&amp;apos;, os.arch: &amp;apos;amd64&amp;apos;, os.version: &amp;apos;10.0&amp;apos;, java.version: &amp;apos;11.0.12&amp;apos;
Driver info: org.openqa.selenium.chrome.ChromeDriver
Command: [1a33782d3fb4cc42f702407d802ec056, clickElement {id=b81dcaf6-728b-433c-9604-e9579643866e}]
Capabilities {acceptInsecureCerts: false, browserName: chrome, browserVersion: 111.0.5563.65, chrome: {chromedriverVersion: 111.0.5563.64 (c710e93d5b63..., userDataDir: C:\Program Files (x86)\scop...}, goog:chromeOptions: {debuggerAddress: localhost:60689}, networkConnectionEnabled: false, pageLoadStrategy: normal, platformName: WINDOWS, proxy: Proxy(), se:cdp: ws://localhost:60689/devtoo..., se:cdpVersion: 111.0.5563.65, setWindowRect: true, strictFileInteractability: false, timeouts: {implicit: 0, pageLoad: 300000, script: 30000}, unhandledPromptBehavior: dismiss and notify, webauthn:extension:credBlob: true, webauthn:extension:largeBlob: true, webauthn:extension:minPinLength: true, webauthn:extension:prf: true, webauthn:virtualAuthenticators: true}
Element: [[ChromeDriver: chrome on WINDOWS (1a33782d3fb4cc42f702407d802ec056)] -&amp;gt; xpath: //a[contains(text(),&amp;apos;Advanced Search&amp;apos;)]]
Session ID: 1a33782d3fb4cc42f702407d802ec056">
      <![CDATA[org.openqa.selenium.ElementClickInterceptedException: element click intercepted: Element <a ng-click="doit(action, prop)" tabindex="" id="" title="..." class="ng-binding">Advanced Search</a> is not clickable at point (1098, 74). Other element would receive the click: <div class="aw-search-recentSearchBoxTitle aw-search-popupTitle ng-scope" ng-if="data.suggestions==undefined">...</div>
  (Session info: chrome=111.0.5563.65)
Build info: version: '4.3.0', revision: 'a4995e2c09*'
System info: host: 'FBTCDEV3', ip: '10.0.1.34', os.name: 'Windows 10', os.arch: 'amd64', os.version: '10.0', java.version: '11.0.12'
Driver info: org.openqa.selenium.chrome.ChromeDriver
Command: [1a33782d3fb4cc42f702407d802ec056, clickElement {id=b81dcaf6-728b-433c-9604-e9579643866e}]
Capabilities {acceptInsecureCerts: false, browserName: chrome, browserVersion: 111.0.5563.65, chrome: {chromedriverVersion: 111.0.5563.64 (c710e93d5b63..., userDataDir: C:\Program Files (x86)\scop...}, goog:chromeOptions: {debuggerAddress: localhost:60689}, networkConnectionEnabled: false, pageLoadStrategy: normal, platformName: WINDOWS, proxy: Proxy(), se:cdp: ws://localhost:60689/devtoo..., se:cdpVersion: 111.0.5563.65, setWindowRect: true, strictFileInteractability: false, timeouts: {implicit: 0, pageLoad: 300000, script: 30000}, unhandledPromptBehavior: dismiss and notify, webauthn:extension:credBlob: true, webauthn:extension:largeBlob: true, webauthn:extension:minPinLength: true, webauthn:extension:prf: true, webauthn:virtualAuthenticators: true}
Element: [[ChromeDriver: chrome on WINDOWS (1a33782d3fb4cc42f702407d802ec056)] -> xpath: //a[contains(text(),'Advanced Search')]]
Session ID: 1a33782d3fb4cc42f702407d802ec056
at org.openqa.selenium.remote.codec.w3c.W3CHttpResponseCodec.createException(W3CHttpResponseCodec.java:200)
at org.openqa.selenium.remote.codec.w3c.W3CHttpResponseCodec.decode(W3CHttpResponseCodec.java:133)
at org.openqa.selenium.remote.codec.w3c.W3CHttpResponseCodec.decode(W3CHttpResponseCodec.java:53)
at org.openqa.selenium.remote.HttpCommandExecutor.execute(HttpCommandExecutor.java:184)
at org.openqa.selenium.remote.service.DriverCommandExecutor.invokeExecute(DriverCommandExecutor.java:167)
at org.openqa.selenium.remote.service.DriverCommandExecutor.execute(DriverCommandExecutor.java:142)
at org.openqa.selenium.remote.RemoteWebDriver.execute(RemoteWebDriver.java:569)
at org.openqa.selenium.remote.RemoteWebElement.execute(RemoteWebElement.java:257)
at org.openqa.selenium.remote.RemoteWebElement.click(RemoteWebElement.java:78)
at com.tc_awc.pageobjects.home_Page.search_item(home_Page.java:90)
at com.tc_awc.functionaltestcases.AWC_SubmitToWorkFlowForHigherReleaseStatus.submitToWorkFlowForHigherReleaseStatus_DVT1WIP(AWC_SubmitToWorkFlowForHigherReleaseStatus.java:84)
at java.base/java.util.ArrayList.forEach(ArrayList.java:1541)
... Removed 31 stack frames]]>
    </failure>
  </testcase> <!-- submitToWorkFlowForHigherReleaseStatus_DVT1WIP -->
  <testcase classname="com.tc_awc.functionaltestcases.AWC_SubmitToWorkFlowForHigherReleaseStatus" name="submitToWorkFlowForHigherReleaseStatus_PVT1WIP" time="131.581">
    <failure type="java.lang.AssertionError" message="expected [true] but found [false]">
      <![CDATA[java.lang.AssertionError: expected [true] but found [false]
at com.tc_awc.listeners.ActionEngine.assertEqualsString_custom(ActionEngine.java:134)
at com.tc_awc.pageobjects.wokflow_Page.submitToWorkflowPVT1(wokflow_Page.java:310)
at com.tc_awc.functionaltestcases.AWC_SubmitToWorkFlowForHigherReleaseStatus.submitToWorkFlowForHigherReleaseStatus_PVT1WIP(AWC_SubmitToWorkFlowForHigherReleaseStatus.java:110)
at java.base/java.util.ArrayList.forEach(ArrayList.java:1541)
... Removed 31 stack frames]]>
    </failure>
  </testcase> <!-- submitToWorkFlowForHigherReleaseStatus_PVT1WIP -->
  <testcase classname="com.tc_awc.functionaltestcases.AWC_SubmitToWorkFlowEQR" name="submitToWorkflowEQRRelease_DVT1WIP" time="0.001">
    <skipped/>
  </testcase> <!-- submitToWorkflowEQRRelease_DVT1WIP -->
  <testcase classname="com.tc_awc.functionaltestcases.AWC_SubmitToWorkFlowEQR" name="submitToWorkflowEQRRelease_DVT2WIP" time="0.0">
    <skipped/>
  </testcase> <!-- submitToWorkflowEQRRelease_DVT2WIP -->
  <testcase classname="com.tc_awc.functionaltestcases.AWC_SubmitToWorkFlowEQR" name="submitToWorkflowEQRRelease_DVT3WIP" time="0.0">
    <skipped/>
  </testcase> <!-- submitToWorkflowEQRRelease_DVT3WIP -->
  <testcase classname="com.tc_awc.functionaltestcases.AWC_SubmitToWorkFlowEQR" name="submitToWorkflowEQRRelease_PVT1WIP" time="0.0">
    <skipped/>
  </testcase> <!-- submitToWorkflowEQRRelease_PVT1WIP -->
  <testcase classname="com.tc_awc.functionaltestcases.AWC_SubmitToWorkFlowEQR" name="submitToWorkflowEQRRelease_PVT2WIP" time="0.0">
    <skipped/>
  </testcase> <!-- submitToWorkflowEQRRelease_PVT2WIP -->
  <testcase classname="com.tc_awc.functionaltestcases.AWC_CreateItemRevisionsWithDiffWIPStatus" name="createItemRevisionsWithDiffWIPStatus_DVTWIP" time="75.542"/>
  <testcase classname="com.tc_awc.functionaltestcases.AWC_CreateItemRevisionsWithDiffWIPStatus" name="createItemRevisionsWithDiffWIPStatus_PVTWIP" time="0.001">
    <skipped/>
  </testcase> <!-- createItemRevisionsWithDiffWIPStatus_PVTWIP -->
  <testcase classname="com.tc_awc.functionaltestcases.AWC_CreateItem" name="createItemStatus_EVT3WIP" time="0.0">
    <ignored/>
  </testcase> <!-- createItemStatus_EVT3WIP -->
  <testcase classname="com.tc_awc.functionaltestcases.AWC_SubmitToWorkFlowEQR" name="submitToWorkflowEQRRelease_GeneralWIP" time="0.0">
    <ignored/>
  </testcase> <!-- submitToWorkflowEQRRelease_GeneralWIP -->
  <testcase classname="com.tc_awc.functionaltestcases.AWC_CreateItemRevisionsWithDiffWIPStatus" name="createItemRevisionsWithDiffWIPStatus_P0WIP" time="0.0">
    <ignored/>
  </testcase> <!-- createItemRevisionsWithDiffWIPStatus_P0WIP -->
  <testcase classname="com.tc_awc.functionaltestcases.AWC_SubmitToWorkFlowForHigherReleaseStatus" name="submitToWorkFlowForHigherReleaseStatus_P0WIP" time="0.0">
    <ignored/>
  </testcase> <!-- submitToWorkFlowForHigherReleaseStatus_P0WIP -->
  <testcase classname="com.tc_awc.functionaltestcases.AWC_SubmitToWorkFlowEQR" name="submitToWorkflowEQRRelease_P0WIP" time="0.0">
    <ignored/>
  </testcase> <!-- submitToWorkflowEQRRelease_P0WIP -->
  <testcase classname="com.tc_awc.functionaltestcases.AWC_CreateItemRevisionsWithDiffWIPStatus" name="createItemRevisionsWithDiffWIPStatus_EVTWIP" time="0.0">
    <ignored/>
  </testcase> <!-- createItemRevisionsWithDiffWIPStatus_EVTWIP -->
  <testcase classname="com.tc_awc.functionaltestcases.AWC_SubmitToWorkFlowMP" name="submitToWorkflowMPRelease_EVT2WIP" time="0.0">
    <ignored/>
  </testcase> <!-- submitToWorkflowMPRelease_EVT2WIP -->
  <testcase classname="com.tc_awc.functionaltestcases.AWC_SubmitToWorkFlowEQR" name="submitToWorkflowEQRRelease_EVT2WIP" time="0.0">
    <ignored/>
  </testcase> <!-- submitToWorkflowEQRRelease_EVT2WIP -->
  <testcase classname="com.tc_awc.functionaltestcases.AWC_SubmitToWorkFlowMP" name="submitToWorkflowMPRelease_P3WIP" time="0.0">
    <ignored/>
  </testcase> <!-- submitToWorkflowMPRelease_P3WIP -->
  <testcase classname="com.tc_awc.functionaltestcases.AWC_SubmitToWorkFlowMP" name="submitToWorkflowMPRelease_DVT2WIP" time="0.0">
    <ignored/>
  </testcase> <!-- submitToWorkflowMPRelease_DVT2WIP -->
  <testcase classname="com.tc_awc.functionaltestcases.AWC_SubmitToWorkFlowMP" name="submitToWorkflowMPRelease_EVT3WIP" time="0.0">
    <ignored/>
  </testcase> <!-- submitToWorkflowMPRelease_EVT3WIP -->
  <testcase classname="com.tc_awc.functionaltestcases.AWC_SubmitToWorkFlowMP" name="submitToWorkflowMPRelease_PVT1WIP" time="0.0">
    <ignored/>
  </testcase> <!-- submitToWorkflowMPRelease_PVT1WIP -->
  <testcase classname="com.tc_awc.functionaltestcases.AWC_SubmitToWorkFlowEQR" name="submitToWorkflowEQRRelease_EVT3WIP" time="0.0">
    <ignored/>
  </testcase> <!-- submitToWorkflowEQRRelease_EVT3WIP -->
  <testcase classname="com.tc_awc.functionaltestcases.AWC_CreateItem" name="createItemStatus_GeneralWIP" time="0.0">
    <ignored/>
  </testcase> <!-- createItemStatus_GeneralWIP -->
  <testcase classname="com.tc_awc.functionaltestcases.AWC_SubmitToWorkFlowMP" name="submitToWorkflowMPRelease_DVT3WIP" time="0.0">
    <ignored/>
  </testcase> <!-- submitToWorkflowMPRelease_DVT3WIP -->
  <testcase classname="com.tc_awc.functionaltestcases.AWC_CreateItem" name="createItemStatus_P1WIP" time="0.0">
    <ignored/>
  </testcase> <!-- createItemStatus_P1WIP -->
  <testcase classname="com.tc_awc.functionaltestcases.AWC_SubmitToWorkFlowEQR" name="submitToWorkflowEQRRelease_P3WIP" time="0.0">
    <ignored/>
  </testcase> <!-- submitToWorkflowEQRRelease_P3WIP -->
  <testcase classname="com.tc_awc.functionaltestcases.AWC_SubmitToWorkFlowMP" name="submitToWorkflowMPRelease_P1WIP" time="0.0">
    <ignored/>
  </testcase> <!-- submitToWorkflowMPRelease_P1WIP -->
  <testcase classname="com.tc_awc.functionaltestcases.AWC_SubmitToWorkFlowEQR" name="submitToWorkflowEQRRelease_P1WIP" time="0.0">
    <ignored/>
  </testcase> <!-- submitToWorkflowEQRRelease_P1WIP -->
  <testcase classname="com.tc_awc.functionaltestcases.AWC_CreateItem" name="createItemStatus_EVT1WIP" time="0.0">
    <ignored/>
  </testcase> <!-- createItemStatus_EVT1WIP -->
  <testcase classname="com.tc_awc.functionaltestcases.AWC_SubmitToWorkFlowMP" name="submitToWorkflowMPRelease_P0WIP" time="0.0">
    <ignored/>
  </testcase> <!-- submitToWorkflowMPRelease_P0WIP -->
  <testcase classname="com.tc_awc.functionaltestcases.AWC_CreateItem" name="createItemStatus_P2WIP" time="0.0">
    <ignored/>
  </testcase> <!-- createItemStatus_P2WIP -->
  <testcase classname="com.tc_awc.configuration.AWC_revisionRule" name="applyRevisionRulePVT2WIP" time="0.0">
    <ignored/>
  </testcase> <!-- applyRevisionRulePVT2WIP -->
  <testcase classname="com.tc_awc.functionaltestcases.AWC_SubmitToWorkFlowEQR" name="submitToWorkflowEQRRelease_P2WIP" time="0.0">
    <ignored/>
  </testcase> <!-- submitToWorkflowEQRRelease_P2WIP -->
  <testcase classname="com.tc_awc.functionaltestcases.AWC_SubmitToWorkFlowMP" name="submitToWorkflowMPRelease_P2WIP" time="0.0">
    <ignored/>
  </testcase> <!-- submitToWorkflowMPRelease_P2WIP -->
  <testcase classname="com.tc_awc.functionaltestcases.AWC_CreateItem" name="createItemStatus_EVT2WIP" time="0.0">
    <ignored/>
  </testcase> <!-- createItemStatus_EVT2WIP -->
  <testcase classname="com.tc_awc.functionaltestcases.AWC_SubmitToWorkFlowMP" name="submitToWorkflowMPRelease_DVT1WIP" time="0.0">
    <ignored/>
  </testcase> <!-- submitToWorkflowMPRelease_DVT1WIP -->
  <testcase classname="com.tc_awc.functionaltestcases.AWC_SubmitToWorkFlowMP" name="submitToWorkflowMPRelease_EVT1WIP" time="0.0">
    <ignored/>
  </testcase> <!-- submitToWorkflowMPRelease_EVT1WIP -->
  <testcase classname="com.tc_awc.functionaltestcases.AWC_CreateItem" name="createItemStatus_P0WIP" time="0.0">
    <ignored/>
  </testcase> <!-- createItemStatus_P0WIP -->
  <testcase classname="com.tc_awc.functionaltestcases.AWC_SubmitToWorkFlowEQR" name="submitToWorkflowEQRRelease_EVT1WIP" time="0.0">
    <ignored/>
  </testcase> <!-- submitToWorkflowEQRRelease_EVT1WIP -->
  <testcase classname="com.tc_awc.configuration.AWC_revisionRule" name="applyRevisionRulePVT1WIP" time="0.0">
    <ignored/>
  </testcase> <!-- applyRevisionRulePVT1WIP -->
  <testcase classname="com.tc_awc.functionaltestcases.AWC_SubmitToWorkFlowMP" name="submitToWorkflowMPRelease_GeneralWIP" time="0.0">
    <ignored/>
  </testcase> <!-- submitToWorkflowMPRelease_GeneralWIP -->
  <testcase classname="com.tc_awc.functionaltestcases.AWC_CreateItem" name="createItemStatus_P3WIP" time="0.0">
    <ignored/>
  </testcase> <!-- createItemStatus_P3WIP -->
</testsuite> <!-- Test(failed) -->
